2024-07-16 11:59:44,325 ERROR [WsdlSubmit] Exception in request: org.apache.http.conn.HttpHostConnectException: Connect to 10.21.6.24:80 [/10.21.6.24] failed: Connection timed out: connect
2024-07-16 11:59:44,326 ERROR [errorlog] org.apache.http.conn.HttpHostConnectException: Connect to 10.21.6.24:80 [/10.21.6.24] failed: Connection timed out: connect
org.apache.http.conn.HttpHostConnectException: Connect to 10.21.6.24:80 [/10.21.6.24] failed: Connection timed out: connect
	at org.apache.http.impl.conn.DefaultHttpClientConnectionOperator.connect(DefaultHttpClientConnectionOperator.java:159) ~[httpclient-4.5.5.jar:4.5.5]
	at com.eviware.soapui.impl.wsdl.support.http.SoapUiHttpClientConnectionOperator.connect(SoapUIMultiThreadedHttpConnectionManager.java:204) ~[soapui-5.7.2.jar:5.7.2]
	at org.apache.http.impl.conn.PoolingHttpClientConnectionManager.connect(PoolingHttpClientConnectionManager.java:373) ~[httpclient-4.5.5.jar:4.5.5]
	at org.apache.http.impl.execchain.MainClientExec.establishRoute(MainClientExec.java:381) ~[httpclient-4.5.5.jar:4.5.5]
	at org.apache.http.impl.execchain.MainClientExec.execute(MainClientExec.java:237) ~[httpclient-4.5.5.jar:4.5.5]
	at org.apache.http.impl.execchain.ProtocolExec.execute(ProtocolExec.java:185) ~[httpclient-4.5.5.jar:4.5.5]
	at org.apache.http.impl.execchain.RetryExec.execute(RetryExec.java:89) ~[httpclient-4.5.5.jar:4.5.5]
	at org.apache.http.impl.execchain.RedirectExec.execute(RedirectExec.java:111) ~[httpclient-4.5.5.jar:4.5.5]
	at org.apache.http.impl.client.InternalHttpClient.doExecute(InternalHttpClient.java:185) ~[httpclient-4.5.5.jar:4.5.5]
	at org.apache.http.impl.client.CloseableHttpClient.execute(CloseableHttpClient.java:72) ~[httpclient-4.5.5.jar:4.5.5]
	at com.eviware.soapui.impl.wsdl.support.http.HttpClientSupport$SoapUIHttpClient.doExecute(HttpClientSupport.java:344) ~[soapui-5.7.2.jar:5.7.2]
	at org.apache.http.impl.client.CloseableHttpClient.execute(CloseableHttpClient.java:83) ~[httpclient-4.5.5.jar:4.5.5]
	at com.eviware.soapui.impl.wsdl.support.http.HttpClientSupport$Helper.execute(HttpClientSupport.java:548) ~[soapui-5.7.2.jar:5.7.2]
	at com.eviware.soapui.impl.wsdl.support.http.HttpClientSupport.execute(HttpClientSupport.java:614) ~[soapui-5.7.2.jar:5.7.2]
	at com.eviware.soapui.impl.wsdl.submit.transports.http.HttpClientRequestTransport.submitRequest(HttpClientRequestTransport.java:302) ~[soapui-5.7.2.jar:5.7.2]
	at com.eviware.soapui.impl.wsdl.submit.transports.http.HttpClientRequestTransport.sendRequest(HttpClientRequestTransport.java:232) ~[soapui-5.7.2.jar:5.7.2]
	at com.eviware.soapui.impl.wsdl.WsdlSubmit.run(WsdlSubmit.java:120) [soapui-5.7.2.jar:5.7.2]
	at java.util.concurrent.Executors$RunnableAdapter.call(Executors.java:515) [?:?]
	at java.util.concurrent.FutureTask.run(FutureTask.java:264) [?:?]
	at java.util.concurrent.ThreadPoolExecutor.runWorker(ThreadPoolExecutor.java:1130) [?:?]
	at java.util.concurrent.ThreadPoolExecutor$Worker.run(ThreadPoolExecutor.java:630) [?:?]
	at java.lang.Thread.run(Thread.java:831) [?:?]
Caused by: java.net.ConnectException: Connection timed out: connect
	at sun.nio.ch.Net.connect0(Native Method) ~[?:?]
	at sun.nio.ch.Net.connect(Net.java:576) ~[?:?]
	at sun.nio.ch.Net.connect(Net.java:565) ~[?:?]
	at sun.nio.ch.NioSocketImpl.connect(NioSocketImpl.java:588) ~[?:?]
	at java.net.SocksSocketImpl.connect(SocksSocketImpl.java:333) ~[?:?]
	at java.net.Socket.connect(Socket.java:645) ~[?:?]
	at org.apache.http.conn.socket.PlainConnectionSocketFactory.connectSocket(PlainConnectionSocketFactory.java:75) ~[httpclient-4.5.5.jar:4.5.5]
	at org.apache.http.impl.conn.DefaultHttpClientConnectionOperator.connect(DefaultHttpClientConnectionOperator.java:142) ~[httpclient-4.5.5.jar:4.5.5]
	... 21 more
2024-07-16 12:18:14,314 ERROR [WsdlSubmit] Exception in request: org.apache.http.conn.HttpHostConnectException: Connect to 10.21.6.24:80 [/10.21.6.24] failed: Connection timed out: connect
2024-07-16 12:18:14,315 ERROR [errorlog] org.apache.http.conn.HttpHostConnectException: Connect to 10.21.6.24:80 [/10.21.6.24] failed: Connection timed out: connect
org.apache.http.conn.HttpHostConnectException: Connect to 10.21.6.24:80 [/10.21.6.24] failed: Connection timed out: connect
	at org.apache.http.impl.conn.DefaultHttpClientConnectionOperator.connect(DefaultHttpClientConnectionOperator.java:159) ~[httpclient-4.5.5.jar:4.5.5]
	at com.eviware.soapui.impl.wsdl.support.http.SoapUiHttpClientConnectionOperator.connect(SoapUIMultiThreadedHttpConnectionManager.java:204) ~[soapui-5.7.2.jar:5.7.2]
	at org.apache.http.impl.conn.PoolingHttpClientConnectionManager.connect(PoolingHttpClientConnectionManager.java:373) ~[httpclient-4.5.5.jar:4.5.5]
	at org.apache.http.impl.execchain.MainClientExec.establishRoute(MainClientExec.java:381) ~[httpclient-4.5.5.jar:4.5.5]
	at org.apache.http.impl.execchain.MainClientExec.execute(MainClientExec.java:237) ~[httpclient-4.5.5.jar:4.5.5]
	at org.apache.http.impl.execchain.ProtocolExec.execute(ProtocolExec.java:185) ~[httpclient-4.5.5.jar:4.5.5]
	at org.apache.http.impl.execchain.RetryExec.execute(RetryExec.java:89) ~[httpclient-4.5.5.jar:4.5.5]
	at org.apache.http.impl.execchain.RedirectExec.execute(RedirectExec.java:111) ~[httpclient-4.5.5.jar:4.5.5]
	at org.apache.http.impl.client.InternalHttpClient.doExecute(InternalHttpClient.java:185) ~[httpclient-4.5.5.jar:4.5.5]
	at org.apache.http.impl.client.CloseableHttpClient.execute(CloseableHttpClient.java:72) ~[httpclient-4.5.5.jar:4.5.5]
	at com.eviware.soapui.impl.wsdl.support.http.HttpClientSupport$SoapUIHttpClient.doExecute(HttpClientSupport.java:344) ~[soapui-5.7.2.jar:5.7.2]
	at org.apache.http.impl.client.CloseableHttpClient.execute(CloseableHttpClient.java:83) ~[httpclient-4.5.5.jar:4.5.5]
	at com.eviware.soapui.impl.wsdl.support.http.HttpClientSupport$Helper.execute(HttpClientSupport.java:548) ~[soapui-5.7.2.jar:5.7.2]
	at com.eviware.soapui.impl.wsdl.support.http.HttpClientSupport.execute(HttpClientSupport.java:614) ~[soapui-5.7.2.jar:5.7.2]
	at com.eviware.soapui.impl.wsdl.submit.transports.http.HttpClientRequestTransport.submitRequest(HttpClientRequestTransport.java:302) ~[soapui-5.7.2.jar:5.7.2]
	at com.eviware.soapui.impl.wsdl.submit.transports.http.HttpClientRequestTransport.sendRequest(HttpClientRequestTransport.java:232) ~[soapui-5.7.2.jar:5.7.2]
	at com.eviware.soapui.impl.wsdl.WsdlSubmit.run(WsdlSubmit.java:120) [soapui-5.7.2.jar:5.7.2]
	at java.util.concurrent.Executors$RunnableAdapter.call(Executors.java:515) [?:?]
	at java.util.concurrent.FutureTask.run(FutureTask.java:264) [?:?]
	at java.util.concurrent.ThreadPoolExecutor.runWorker(ThreadPoolExecutor.java:1130) [?:?]
	at java.util.concurrent.ThreadPoolExecutor$Worker.run(ThreadPoolExecutor.java:630) [?:?]
	at java.lang.Thread.run(Thread.java:831) [?:?]
Caused by: java.net.ConnectException: Connection timed out: connect
	at sun.nio.ch.Net.connect0(Native Method) ~[?:?]
	at sun.nio.ch.Net.connect(Net.java:576) ~[?:?]
	at sun.nio.ch.Net.connect(Net.java:565) ~[?:?]
	at sun.nio.ch.NioSocketImpl.connect(NioSocketImpl.java:588) ~[?:?]
	at java.net.SocksSocketImpl.connect(SocksSocketImpl.java:333) ~[?:?]
	at java.net.Socket.connect(Socket.java:645) ~[?:?]
	at org.apache.http.conn.socket.PlainConnectionSocketFactory.connectSocket(PlainConnectionSocketFactory.java:75) ~[httpclient-4.5.5.jar:4.5.5]
	at org.apache.http.impl.conn.DefaultHttpClientConnectionOperator.connect(DefaultHttpClientConnectionOperator.java:142) ~[httpclient-4.5.5.jar:4.5.5]
	... 21 more
2024-07-16 14:52:27,400 ERROR [WsdlSubmit] Exception in request: org.apache.http.conn.HttpHostConnectException: Connect to 10.21.6.24:80 [/10.21.6.24] failed: Connection timed out: connect
2024-07-16 14:52:27,403 ERROR [errorlog] org.apache.http.conn.HttpHostConnectException: Connect to 10.21.6.24:80 [/10.21.6.24] failed: Connection timed out: connect
org.apache.http.conn.HttpHostConnectException: Connect to 10.21.6.24:80 [/10.21.6.24] failed: Connection timed out: connect
	at org.apache.http.impl.conn.DefaultHttpClientConnectionOperator.connect(DefaultHttpClientConnectionOperator.java:159) ~[httpclient-4.5.5.jar:4.5.5]
	at com.eviware.soapui.impl.wsdl.support.http.SoapUiHttpClientConnectionOperator.connect(SoapUIMultiThreadedHttpConnectionManager.java:204) ~[soapui-5.7.2.jar:5.7.2]
	at org.apache.http.impl.conn.PoolingHttpClientConnectionManager.connect(PoolingHttpClientConnectionManager.java:373) ~[httpclient-4.5.5.jar:4.5.5]
	at org.apache.http.impl.execchain.MainClientExec.establishRoute(MainClientExec.java:381) ~[httpclient-4.5.5.jar:4.5.5]
	at org.apache.http.impl.execchain.MainClientExec.execute(MainClientExec.java:237) ~[httpclient-4.5.5.jar:4.5.5]
	at org.apache.http.impl.execchain.ProtocolExec.execute(ProtocolExec.java:185) ~[httpclient-4.5.5.jar:4.5.5]
	at org.apache.http.impl.execchain.RetryExec.execute(RetryExec.java:89) ~[httpclient-4.5.5.jar:4.5.5]
	at org.apache.http.impl.execchain.RedirectExec.execute(RedirectExec.java:111) ~[httpclient-4.5.5.jar:4.5.5]
	at org.apache.http.impl.client.InternalHttpClient.doExecute(InternalHttpClient.java:185) ~[httpclient-4.5.5.jar:4.5.5]
	at org.apache.http.impl.client.CloseableHttpClient.execute(CloseableHttpClient.java:72) ~[httpclient-4.5.5.jar:4.5.5]
	at com.eviware.soapui.impl.wsdl.support.http.HttpClientSupport$SoapUIHttpClient.doExecute(HttpClientSupport.java:344) ~[soapui-5.7.2.jar:5.7.2]
	at org.apache.http.impl.client.CloseableHttpClient.execute(CloseableHttpClient.java:83) ~[httpclient-4.5.5.jar:4.5.5]
	at com.eviware.soapui.impl.wsdl.support.http.HttpClientSupport$Helper.execute(HttpClientSupport.java:548) ~[soapui-5.7.2.jar:5.7.2]
	at com.eviware.soapui.impl.wsdl.support.http.HttpClientSupport.execute(HttpClientSupport.java:614) ~[soapui-5.7.2.jar:5.7.2]
	at com.eviware.soapui.impl.wsdl.submit.transports.http.HttpClientRequestTransport.submitRequest(HttpClientRequestTransport.java:302) ~[soapui-5.7.2.jar:5.7.2]
	at com.eviware.soapui.impl.wsdl.submit.transports.http.HttpClientRequestTransport.sendRequest(HttpClientRequestTransport.java:232) ~[soapui-5.7.2.jar:5.7.2]
	at com.eviware.soapui.impl.wsdl.WsdlSubmit.run(WsdlSubmit.java:120) [soapui-5.7.2.jar:5.7.2]
	at java.util.concurrent.Executors$RunnableAdapter.call(Executors.java:515) [?:?]
	at java.util.concurrent.FutureTask.run(FutureTask.java:264) [?:?]
	at java.util.concurrent.ThreadPoolExecutor.runWorker(ThreadPoolExecutor.java:1130) [?:?]
	at java.util.concurrent.ThreadPoolExecutor$Worker.run(ThreadPoolExecutor.java:630) [?:?]
	at java.lang.Thread.run(Thread.java:831) [?:?]
Caused by: java.net.ConnectException: Connection timed out: connect
	at sun.nio.ch.Net.connect0(Native Method) ~[?:?]
	at sun.nio.ch.Net.connect(Net.java:576) ~[?:?]
	at sun.nio.ch.Net.connect(Net.java:565) ~[?:?]
	at sun.nio.ch.NioSocketImpl.connect(NioSocketImpl.java:588) ~[?:?]
	at java.net.SocksSocketImpl.connect(SocksSocketImpl.java:333) ~[?:?]
	at java.net.Socket.connect(Socket.java:645) ~[?:?]
	at org.apache.http.conn.socket.PlainConnectionSocketFactory.connectSocket(PlainConnectionSocketFactory.java:75) ~[httpclient-4.5.5.jar:4.5.5]
	at org.apache.http.impl.conn.DefaultHttpClientConnectionOperator.connect(DefaultHttpClientConnectionOperator.java:142) ~[httpclient-4.5.5.jar:4.5.5]
	... 21 more
2024-07-16 14:56:40,716 ERROR [WsdlSubmit] Exception in request: org.apache.http.conn.HttpHostConnectException: Connect to 10.21.6.24:80 [/10.21.6.24] failed: Connection timed out: connect
2024-07-16 14:56:40,718 ERROR [errorlog] org.apache.http.conn.HttpHostConnectException: Connect to 10.21.6.24:80 [/10.21.6.24] failed: Connection timed out: connect
org.apache.http.conn.HttpHostConnectException: Connect to 10.21.6.24:80 [/10.21.6.24] failed: Connection timed out: connect
	at org.apache.http.impl.conn.DefaultHttpClientConnectionOperator.connect(DefaultHttpClientConnectionOperator.java:159) ~[httpclient-4.5.5.jar:4.5.5]
	at com.eviware.soapui.impl.wsdl.support.http.SoapUiHttpClientConnectionOperator.connect(SoapUIMultiThreadedHttpConnectionManager.java:204) ~[soapui-5.7.2.jar:5.7.2]
	at org.apache.http.impl.conn.PoolingHttpClientConnectionManager.connect(PoolingHttpClientConnectionManager.java:373) ~[httpclient-4.5.5.jar:4.5.5]
	at org.apache.http.impl.execchain.MainClientExec.establishRoute(MainClientExec.java:381) ~[httpclient-4.5.5.jar:4.5.5]
	at org.apache.http.impl.execchain.MainClientExec.execute(MainClientExec.java:237) ~[httpclient-4.5.5.jar:4.5.5]
	at org.apache.http.impl.execchain.ProtocolExec.execute(ProtocolExec.java:185) ~[httpclient-4.5.5.jar:4.5.5]
	at org.apache.http.impl.execchain.RetryExec.execute(RetryExec.java:89) ~[httpclient-4.5.5.jar:4.5.5]
	at org.apache.http.impl.execchain.RedirectExec.execute(RedirectExec.java:111) ~[httpclient-4.5.5.jar:4.5.5]
	at org.apache.http.impl.client.InternalHttpClient.doExecute(InternalHttpClient.java:185) ~[httpclient-4.5.5.jar:4.5.5]
	at org.apache.http.impl.client.CloseableHttpClient.execute(CloseableHttpClient.java:72) ~[httpclient-4.5.5.jar:4.5.5]
	at com.eviware.soapui.impl.wsdl.support.http.HttpClientSupport$SoapUIHttpClient.doExecute(HttpClientSupport.java:344) ~[soapui-5.7.2.jar:5.7.2]
	at org.apache.http.impl.client.CloseableHttpClient.execute(CloseableHttpClient.java:83) ~[httpclient-4.5.5.jar:4.5.5]
	at com.eviware.soapui.impl.wsdl.support.http.HttpClientSupport$Helper.execute(HttpClientSupport.java:548) ~[soapui-5.7.2.jar:5.7.2]
	at com.eviware.soapui.impl.wsdl.support.http.HttpClientSupport.execute(HttpClientSupport.java:614) ~[soapui-5.7.2.jar:5.7.2]
	at com.eviware.soapui.impl.wsdl.submit.transports.http.HttpClientRequestTransport.submitRequest(HttpClientRequestTransport.java:302) ~[soapui-5.7.2.jar:5.7.2]
	at com.eviware.soapui.impl.wsdl.submit.transports.http.HttpClientRequestTransport.sendRequest(HttpClientRequestTransport.java:232) ~[soapui-5.7.2.jar:5.7.2]
	at com.eviware.soapui.impl.wsdl.WsdlSubmit.run(WsdlSubmit.java:120) [soapui-5.7.2.jar:5.7.2]
	at java.util.concurrent.Executors$RunnableAdapter.call(Executors.java:515) [?:?]
	at java.util.concurrent.FutureTask.run(FutureTask.java:264) [?:?]
	at java.util.concurrent.ThreadPoolExecutor.runWorker(ThreadPoolExecutor.java:1130) [?:?]
	at java.util.concurrent.ThreadPoolExecutor$Worker.run(ThreadPoolExecutor.java:630) [?:?]
	at java.lang.Thread.run(Thread.java:831) [?:?]
Caused by: java.net.ConnectException: Connection timed out: connect
	at sun.nio.ch.Net.connect0(Native Method) ~[?:?]
	at sun.nio.ch.Net.connect(Net.java:576) ~[?:?]
	at sun.nio.ch.Net.connect(Net.java:565) ~[?:?]
	at sun.nio.ch.NioSocketImpl.connect(NioSocketImpl.java:588) ~[?:?]
	at java.net.SocksSocketImpl.connect(SocksSocketImpl.java:333) ~[?:?]
	at java.net.Socket.connect(Socket.java:645) ~[?:?]
	at org.apache.http.conn.socket.PlainConnectionSocketFactory.connectSocket(PlainConnectionSocketFactory.java:75) ~[httpclient-4.5.5.jar:4.5.5]
	at org.apache.http.impl.conn.DefaultHttpClientConnectionOperator.connect(DefaultHttpClientConnectionOperator.java:142) ~[httpclient-4.5.5.jar:4.5.5]
	... 21 more
